<?xml version="1.0" encoding="UTF-8"?>
<testng-results ignored="0" total="1" passed="1" failed="0" skipped="0">
  <reporter-output>
    <line>
      <![CDATA[Project Created]]>
    </line>
  </reporter-output>
  <suite started-at="2023-04-13T15:28:33 IST" name="Default suite" finished-at="2023-04-13T15:28:33 IST" duration-ms="158">
    <groups>
    </groups>
    <test started-at="2023-04-13T15:28:33 IST" name="Default test" finished-at="2023-04-13T15:28:33 IST" duration-ms="158">
      <class name="com.actitime.testscript.ProjectModule">
        <test-method signature="createProject()[pri:0, instance:com.actitime.testscript.ProjectModule@7193666c]" started-at="2023-04-13T15:28:33 IST" name="createProject" finished-at="2023-04-13T15:28:33 IST" duration-ms="40" status="PASS">
          <reporter-output>
            <line>
              <![CDATA[Project Created]]>
            </line>
          </reporter-output>
        </test-method> <!-- createProject -->
      </class> <!-- com.actitime.testscript.ProjectModule -->
    </test> <!-- Default test -->
  </suite> <!-- Default suite -->
</testng-results>
